<?xml version="1.0" encoding="utf-8"?><testsuites name="pytest tests"><testsuite name="pytest" errors="0" failures="0" skipped="0" tests="16" time="5.821" timestamp="2026-09-14T14:51:31.921618+00:00" hostname="agent-env-b9eed24c-837e-4f91-8c03-d92a28a8dd83"><testcase classname="tests.test_progressive_and_settings.TestProgressiveOverload" name="test_requires_auth" time="0.374" /><testcase classname="tests.test_progressive_and_settings.TestProgressiveOverload" name="test_no_prior_session_returns_nulls" time="0.608" /><testcase classname="tests.test_progressive_and_settings.TestProgressiveOverload" name="test_suggestion_after_logging_bench_reps10" time="0.334" /><testcase classname="tests.test_progressive_and_settings.TestProgressiveOverload" name="test_suggestion_reps_bump_when_low_reps" time="0.318" /><testcase classname="tests.test_progressive_and_settings.TestSettings" name="test_put_settings_persists_new_fields" time="0.137" /><testcase classname="tests.test_progressive_and_settings.TestSettings" name="test_me_reflects_settings" time="0.197" /><testcase classname="tests.test_progressive_and_settings.TestSettings" name="test_settings_merge_preserves_existing" time="0.296" /><testcase classname="tests.test_progressive_and_settings.TestRouteOrdering" name="test_get_exercise_by_id_not_shadowed" time="0.494" /><testcase classname="tests.test_progressive_and_settings.TestRouteOrdering" name="test_exercises_muscle_group_filter" time="0.164" /><testcase classname="tests.test_progressive_and_settings.TestFoodsSearchRegression" name="test_foods_search_empty" time="0.176" /><testcase classname="tests.test_progressive_and_settings.TestFoodsSearchRegression" name="test_foods_search_query" time="1.091" /><testcase classname="tests.test_progressive_and_settings.TestCoreRegression" name="test_gamification" time="0.169" /><testcase classname="tests.test_progressive_and_settings.TestCoreRegression" name="test_dashboard" time="0.136" /><testcase classname="tests.test_progressive_and_settings.TestCoreRegression" name="test_diary_post_get" time="0.314" /><testcase classname="tests.test_progressive_and_settings.TestCoreRegression" name="test_admin_endpoints_require_admin" time="0.588" /><testcase classname="tests.test_progressive_and_settings.TestCoreRegression" name="test_admin_login_works" time="0.376" /></testsuite></testsuites>