<?xml version="1.0" encoding="utf-8"?><testsuites name="pytest tests"><testsuite name="pytest" errors="0" failures="0" skipped="0" tests="80" time="25.141" timestamp="2026-09-14T15:43:09.037129+00:00" hostname="agent-env-b9eed24c-837e-4f91-8c03-d92a28a8dd83"><testcase classname="tests.test_admin_content_and_foods.TestFoodSearchAvailability" name="test_empty_query_returns_builtin_db" time="0.684" /><testcase classname="tests.test_admin_content_and_foods.TestFoodSearchAvailability" name="test_search_milk_local_and_maybe_off" time="0.964" /><testcase classname="tests.test_admin_content_and_foods.TestFoodSearchAvailability" name="test_search_chicken_has_calories" time="0.826" /><testcase classname="tests.test_admin_content_and_foods.TestFoodSearchAvailability" name="test_admin_foods_list_has_seeded" time="0.473" /><testcase classname="tests.test_admin_content_and_foods.TestBarcode" name="test_barcode_returns_200_or_404" time="0.594" /><testcase classname="tests.test_admin_content_and_foods.TestAdminExercises" name="test_auth_required" time="0.121" /><testcase classname="tests.test_admin_content_and_foods.TestAdminExercises" name="test_forbidden_for_normal_user" time="0.096" /><testcase classname="tests.test_admin_content_and_foods.TestAdminExercises" name="test_list_has_seeded_exercises" time="0.125" /><testcase classname="tests.test_admin_content_and_foods.TestAdminExercises" name="test_crud_exercise" time="0.550" /><testcase classname="tests.test_admin_content_and_foods.TestAdminFoods" name="test_auth_required" time="0.132" /><testcase classname="tests.test_admin_content_and_foods.TestAdminFoods" name="test_forbidden_for_normal_user" time="0.109" /><testcase classname="tests.test_admin_content_and_foods.TestAdminFoods" name="test_create_and_delete_food" time="0.894" /><testcase classname="tests.test_admin_content_and_foods.TestAdminAchievements" name="test_auth_required" time="0.103" /><testcase classname="tests.test_admin_content_and_foods.TestAdminAchievements" name="test_forbidden_for_normal_user" time="0.109" /><testcase classname="tests.test_admin_content_and_foods.TestAdminAchievements" name="test_list_seeded" time="0.117" /><testcase classname="tests.test_admin_content_and_foods.TestAdminAchievements" name="test_upsert_and_delete_achievement" time="0.572" /><testcase classname="tests.test_forge_backend.TestAuth" name="test_register_and_me" time="0.151" /><testcase classname="tests.test_forge_backend.TestAuth" name="test_login_ok" time="0.333" /><testcase classname="tests.test_forge_backend.TestAuth" name="test_login_bad_password" time="0.330" /><testcase classname="tests.test_forge_backend.TestAuth" name="test_register_duplicate" time="0.116" /><testcase classname="tests.test_forge_backend.TestAuth" name="test_me_no_token" time="0.113" /><testcase classname="tests.test_forge_backend.TestAuth" name="test_me_bad_token" time="0.113" /><testcase classname="tests.test_forge_backend.TestAdmin" name="test_admin_login_flag" time="0.337" /><testcase classname="tests.test_forge_backend.TestAdmin" name="test_admin_stats" time="0.110" /><testcase classname="tests.test_forge_backend.TestAdmin" name="test_admin_users_list" time="0.161" /><testcase classname="tests.test_forge_backend.TestAdmin" name="test_non_admin_forbidden_stats" time="0.103" /><testcase classname="tests.test_forge_backend.TestAdmin" name="test_non_admin_forbidden_users" time="0.139" /><testcase classname="tests.test_forge_backend.TestAdmin" name="test_admin_update_user_toggle" time="0.678" /><testcase classname="tests.test_forge_backend.TestProfile" name="test_update_profile" time="0.119" /><testcase classname="tests.test_forge_backend.TestProfile" name="test_profile_metrics" time="0.089" /><testcase classname="tests.test_forge_backend.TestWeightMeasure" name="test_add_and_get_weight" time="0.440" /><testcase classname="tests.test_forge_backend.TestWeightMeasure" name="test_add_and_get_measurement" time="0.161" /><testcase classname="tests.test_forge_backend.TestFoodsDiary" name="test_search_local_seed" time="0.851" /><testcase classname="tests.test_forge_backend.TestFoodsDiary" name="test_barcode_off" time="0.621" /><testcase classname="tests.test_forge_backend.TestFoodsDiary" name="test_create_custom_food" time="0.226" /><testcase classname="tests.test_forge_backend.TestFoodsDiary" name="test_diary_add_get_delete" time="0.423" /><testcase classname="tests.test_forge_backend.TestFoodsDiary" name="test_water" time="0.225" /><testcase classname="tests.test_forge_backend.TestFoodsDiary" name="test_recent_and_weekly" time="0.229" /><testcase classname="tests.test_forge_backend.TestExercises" name="test_list_by_muscle_group" time="0.102" /><testcase classname="tests.test_forge_backend.TestExercises" name="test_equipment_only_filter" time="0.101" /><testcase classname="tests.test_forge_backend.TestPlans" name="test_seeded_templates" time="0.087" /><testcase classname="tests.test_forge_backend.TestPlans" name="test_crud_custom_plan" time="0.553" /><testcase classname="tests.test_forge_backend.TestSessions" name="test_log_session_computes_volume_pr_xp" time="0.273" /><testcase classname="tests.test_forge_backend.TestSessions" name="test_gamification_after_session" time="0.121" /><testcase classname="tests.test_forge_backend.TestCycleStatsDashboard" name="test_cycle_default_and_update" time="0.229" /><testcase classname="tests.test_forge_backend.TestCycleStatsDashboard" name="test_stats_overview" time="0.118" /><testcase classname="tests.test_forge_backend.TestCycleStatsDashboard" name="test_dashboard" time="0.104" /><testcase classname="tests.test_forge_backend.TestPhotos" name="test_photo_upload_list_serve_delete" time="1.245" /><testcase classname="tests.test_progressive_and_settings.TestProgressiveOverload" name="test_requires_auth" time="0.156" /><testcase classname="tests.test_progressive_and_settings.TestProgressiveOverload" name="test_no_prior_session_returns_nulls" time="0.511" /><testcase classname="tests.test_progressive_and_settings.TestProgressiveOverload" name="test_suggestion_after_logging_bench_reps10" time="0.353" /><testcase classname="tests.test_progressive_and_settings.TestProgressiveOverload" name="test_suggestion_reps_bump_when_low_reps" time="1.323" /><testcase classname="tests.test_progressive_and_settings.TestSettings" name="test_put_settings_persists_new_fields" time="0.142" /><testcase classname="tests.test_progressive_and_settings.TestSettings" name="test_me_reflects_settings" time="0.113" /><testcase classname="tests.test_progressive_and_settings.TestSettings" name="test_settings_merge_preserves_existing" time="0.304" /><testcase classname="tests.test_progressive_and_settings.TestRouteOrdering" name="test_get_exercise_by_id_not_shadowed" time="0.340" /><testcase classname="tests.test_progressive_and_settings.TestRouteOrdering" name="test_exercises_muscle_group_filter" time="0.139" /><testcase classname="tests.test_progressive_and_settings.TestFoodsSearchRegression" name="test_foods_search_empty" time="0.168" /><testcase classname="tests.test_progressive_and_settings.TestFoodsSearchRegression" name="test_foods_search_query" time="0.952" /><testcase classname="tests.test_progressive_and_settings.TestCoreRegression" name="test_gamification" time="0.139" /><testcase classname="tests.test_progressive_and_settings.TestCoreRegression" name="test_dashboard" time="0.162" /><testcase classname="tests.test_progressive_and_settings.TestCoreRegression" name="test_diary_post_get" time="0.220" /><testcase classname="tests.test_progressive_and_settings.TestCoreRegression" name="test_admin_endpoints_require_admin" time="0.394" /><testcase classname="tests.test_progressive_and_settings.TestCoreRegression" name="test_admin_login_works" time="0.325" /><testcase classname="tests.test_registration_verify.TestSuperAdminRegistration" name="test_register_returns_200_with_token_and_admin" time="0.373" /><testcase classname="tests.test_registration_verify.TestSuperAdminRegistration" name="test_login_works_and_is_admin" time="0.365" /><testcase classname="tests.test_registration_verify.TestSuperAdminRegistration" name="test_get_me_returns_profile" time="0.141" /><testcase classname="tests.test_registration_verify.TestSuperAdminRegistration" name="test_duplicate_register_returns_409" time="0.161" /><testcase classname="tests.test_super_admin_and_detail.TestSuperAdminAutoGrant" name="test_super_admin_is_admin_flag" time="0.306" /><testcase classname="tests.test_super_admin_and_detail.TestSuperAdminAutoGrant" name="test_super_admin_me_reflects_admin" time="0.098" /><testcase classname="tests.test_super_admin_and_detail.TestSuperAdminAutoGrant" name="test_super_admin_login_grants_admin" time="0.309" /><testcase classname="tests.test_super_admin_and_detail.TestSuperAdminAutoGrant" name="test_normal_fresh_user_is_not_admin" time="0.314" /><testcase classname="tests.test_super_admin_and_detail.TestAdminAccessControl" name="test_admin_users_no_token" time="0.080" /><testcase classname="tests.test_super_admin_and_detail.TestAdminAccessControl" name="test_admin_users_normal_forbidden" time="0.109" /><testcase classname="tests.test_super_admin_and_detail.TestAdminAccessControl" name="test_admin_user_detail_no_token" time="0.100" /><testcase classname="tests.test_super_admin_and_detail.TestAdminAccessControl" name="test_admin_user_detail_normal_forbidden" time="0.108" /><testcase classname="tests.test_super_admin_and_detail.TestAdminUserDetail" name="test_detail_shape_using_seeded_admin_as_acting" time="0.805" /><testcase classname="tests.test_super_admin_and_detail.TestAdminUserDetail" name="test_detail_as_super_admin" time="0.209" /><testcase classname="tests.test_super_admin_and_detail.TestAdminUserDetail" name="test_detail_not_found" time="0.128" /><testcase classname="tests.test_super_admin_and_detail.TestProfileBirthdate" name="test_put_and_me_reflect_birthdate" time="0.195" /></testsuite></testsuites>