<?xml version="1.0" encoding="utf-8"?><testsuites name="pytest tests"><testsuite name="pytest" errors="0" failures="0" skipped="0" tests="64" time="18.531" timestamp="2026-09-14T14:51:41.881355+00:00" hostname="agent-env-b9eed24c-837e-4f91-8c03-d92a28a8dd83"><testcase classname="tests.test_admin_content_and_foods.TestFoodSearchAvailability" name="test_empty_query_returns_builtin_db" time="0.469" /><testcase classname="tests.test_admin_content_and_foods.TestFoodSearchAvailability" name="test_search_milk_local_and_maybe_off" time="0.832" /><testcase classname="tests.test_admin_content_and_foods.TestFoodSearchAvailability" name="test_search_chicken_has_calories" time="0.788" /><testcase classname="tests.test_admin_content_and_foods.TestFoodSearchAvailability" name="test_admin_foods_list_has_seeded" time="0.388" /><testcase classname="tests.test_admin_content_and_foods.TestBarcode" name="test_barcode_returns_200_or_404" time="0.728" /><testcase classname="tests.test_admin_content_and_foods.TestAdminExercises" name="test_auth_required" time="0.090" /><testcase classname="tests.test_admin_content_and_foods.TestAdminExercises" name="test_forbidden_for_normal_user" time="0.083" /><testcase classname="tests.test_admin_content_and_foods.TestAdminExercises" name="test_list_has_seeded_exercises" time="0.076" /><testcase classname="tests.test_admin_content_and_foods.TestAdminExercises" name="test_crud_exercise" time="0.403" /><testcase classname="tests.test_admin_content_and_foods.TestAdminFoods" name="test_auth_required" time="0.082" /><testcase classname="tests.test_admin_content_and_foods.TestAdminFoods" name="test_forbidden_for_normal_user" time="0.079" /><testcase classname="tests.test_admin_content_and_foods.TestAdminFoods" name="test_create_and_delete_food" time="0.789" /><testcase classname="tests.test_admin_content_and_foods.TestAdminAchievements" name="test_auth_required" time="0.082" /><testcase classname="tests.test_admin_content_and_foods.TestAdminAchievements" name="test_forbidden_for_normal_user" time="0.085" /><testcase classname="tests.test_admin_content_and_foods.TestAdminAchievements" name="test_list_seeded" time="0.080" /><testcase classname="tests.test_admin_content_and_foods.TestAdminAchievements" name="test_upsert_and_delete_achievement" time="0.428" /><testcase classname="tests.test_forge_backend.TestAuth" name="test_register_and_me" time="0.082" /><testcase classname="tests.test_forge_backend.TestAuth" name="test_login_ok" time="0.301" /><testcase classname="tests.test_forge_backend.TestAuth" name="test_login_bad_password" time="0.300" /><testcase classname="tests.test_forge_backend.TestAuth" name="test_register_duplicate" time="0.076" /><testcase classname="tests.test_forge_backend.TestAuth" name="test_me_no_token" time="0.077" /><testcase classname="tests.test_forge_backend.TestAuth" name="test_me_bad_token" time="0.077" /><testcase classname="tests.test_forge_backend.TestAdmin" name="test_admin_login_flag" time="0.321" /><testcase classname="tests.test_forge_backend.TestAdmin" name="test_admin_stats" time="0.110" /><testcase classname="tests.test_forge_backend.TestAdmin" name="test_admin_users_list" time="0.079" /><testcase classname="tests.test_forge_backend.TestAdmin" name="test_non_admin_forbidden_stats" time="0.081" /><testcase classname="tests.test_forge_backend.TestAdmin" name="test_non_admin_forbidden_users" time="0.078" /><testcase classname="tests.test_forge_backend.TestAdmin" name="test_admin_update_user_toggle" time="0.541" /><testcase classname="tests.test_forge_backend.TestProfile" name="test_update_profile" time="0.085" /><testcase classname="tests.test_forge_backend.TestProfile" name="test_profile_metrics" time="0.078" /><testcase classname="tests.test_forge_backend.TestWeightMeasure" name="test_add_and_get_weight" time="0.159" /><testcase classname="tests.test_forge_backend.TestWeightMeasure" name="test_add_and_get_measurement" time="0.156" /><testcase classname="tests.test_forge_backend.TestFoodsDiary" name="test_search_local_seed" time="0.828" /><testcase classname="tests.test_forge_backend.TestFoodsDiary" name="test_barcode_off" time="0.612" /><testcase classname="tests.test_forge_backend.TestFoodsDiary" name="test_create_custom_food" time="0.202" /><testcase classname="tests.test_forge_backend.TestFoodsDiary" name="test_diary_add_get_delete" time="0.387" /><testcase classname="tests.test_forge_backend.TestFoodsDiary" name="test_water" time="0.176" /><testcase classname="tests.test_forge_backend.TestFoodsDiary" name="test_recent_and_weekly" time="0.183" /><testcase classname="tests.test_forge_backend.TestExercises" name="test_list_by_muscle_group" time="0.115" /><testcase classname="tests.test_forge_backend.TestExercises" name="test_equipment_only_filter" time="0.079" /><testcase classname="tests.test_forge_backend.TestPlans" name="test_seeded_templates" time="0.079" /><testcase classname="tests.test_forge_backend.TestPlans" name="test_crud_custom_plan" time="0.424" /><testcase classname="tests.test_forge_backend.TestSessions" name="test_log_session_computes_volume_pr_xp" time="0.288" /><testcase classname="tests.test_forge_backend.TestSessions" name="test_gamification_after_session" time="0.106" /><testcase classname="tests.test_forge_backend.TestCycleStatsDashboard" name="test_cycle_default_and_update" time="0.166" /><testcase classname="tests.test_forge_backend.TestCycleStatsDashboard" name="test_stats_overview" time="0.075" /><testcase classname="tests.test_forge_backend.TestCycleStatsDashboard" name="test_dashboard" time="0.078" /><testcase classname="tests.test_forge_backend.TestPhotos" name="test_photo_upload_list_serve_delete" time="1.150" /><testcase classname="tests.test_progressive_and_settings.TestProgressiveOverload" name="test_requires_auth" time="0.142" /><testcase classname="tests.test_progressive_and_settings.TestProgressiveOverload" name="test_no_prior_session_returns_nulls" time="0.757" /><testcase classname="tests.test_progressive_and_settings.TestProgressiveOverload" name="test_suggestion_after_logging_bench_reps10" time="0.405" /><testcase classname="tests.test_progressive_and_settings.TestProgressiveOverload" name="test_suggestion_reps_bump_when_low_reps" time="0.365" /><testcase classname="tests.test_progressive_and_settings.TestSettings" name="test_put_settings_persists_new_fields" time="0.181" /><testcase classname="tests.test_progressive_and_settings.TestSettings" name="test_me_reflects_settings" time="0.189" /><testcase classname="tests.test_progressive_and_settings.TestSettings" name="test_settings_merge_preserves_existing" time="0.325" /><testcase classname="tests.test_progressive_and_settings.TestRouteOrdering" name="test_get_exercise_by_id_not_shadowed" time="0.380" /><testcase classname="tests.test_progressive_and_settings.TestRouteOrdering" name="test_exercises_muscle_group_filter" time="0.142" /><testcase classname="tests.test_progressive_and_settings.TestFoodsSearchRegression" name="test_foods_search_empty" time="0.121" /><testcase classname="tests.test_progressive_and_settings.TestFoodsSearchRegression" name="test_foods_search_query" time="0.919" /><testcase classname="tests.test_progressive_and_settings.TestCoreRegression" name="test_gamification" time="0.192" /><testcase classname="tests.test_progressive_and_settings.TestCoreRegression" name="test_dashboard" time="0.152" /><testcase classname="tests.test_progressive_and_settings.TestCoreRegression" name="test_diary_post_get" time="0.301" /><testcase classname="tests.test_progressive_and_settings.TestCoreRegression" name="test_admin_endpoints_require_admin" time="0.493" /><testcase classname="tests.test_progressive_and_settings.TestCoreRegression" name="test_admin_login_works" time="0.390" /></testsuite></testsuites>