<?xml version="1.0" encoding="utf-8"?><testsuites name="pytest tests"><testsuite name="pytest" errors="0" failures="0" skipped="0" tests="4" time="1.267" timestamp="2026-09-14T15:41:46.889774+00:00" hostname="agent-env-b9eed24c-837e-4f91-8c03-d92a28a8dd83"><testcase classname="tests.test_registration_verify.TestSuperAdminRegistration" name="test_register_returns_200_with_token_and_admin" time="0.524" /><testcase classname="tests.test_registration_verify.TestSuperAdminRegistration" name="test_login_works_and_is_admin" time="0.384" /><testcase classname="tests.test_registration_verify.TestSuperAdminRegistration" name="test_get_me_returns_profile" time="0.189" /><testcase classname="tests.test_registration_verify.TestSuperAdminRegistration" name="test_duplicate_register_returns_409" time="0.154" /></testsuite></testsuites>