<?xml version="1.0" encoding="utf-8"?><testsuites name="pytest tests"><testsuite name="pytest" errors="0" failures="0" skipped="0" tests="48" time="13.532" timestamp="2026-09-14T14:39:10.098957+00:00" hostname="agent-env-b9eed24c-837e-4f91-8c03-d92a28a8dd83"><testcase classname="tests.test_admin_content_and_foods.TestFoodSearchAvailability" name="test_empty_query_returns_builtin_db" time="0.550" /><testcase classname="tests.test_admin_content_and_foods.TestFoodSearchAvailability" name="test_search_milk_local_and_maybe_off" time="0.987" /><testcase classname="tests.test_admin_content_and_foods.TestFoodSearchAvailability" name="test_search_chicken_has_calories" time="0.804" /><testcase classname="tests.test_admin_content_and_foods.TestFoodSearchAvailability" name="test_admin_foods_list_has_seeded" time="0.402" /><testcase classname="tests.test_admin_content_and_foods.TestBarcode" name="test_barcode_returns_200_or_404" time="0.580" /><testcase classname="tests.test_admin_content_and_foods.TestAdminExercises" name="test_auth_required" time="0.089" /><testcase classname="tests.test_admin_content_and_foods.TestAdminExercises" name="test_forbidden_for_normal_user" time="0.089" /><testcase classname="tests.test_admin_content_and_foods.TestAdminExercises" name="test_list_has_seeded_exercises" time="0.099" /><testcase classname="tests.test_admin_content_and_foods.TestAdminExercises" name="test_crud_exercise" time="0.458" /><testcase classname="tests.test_admin_content_and_foods.TestAdminFoods" name="test_auth_required" time="0.087" /><testcase classname="tests.test_admin_content_and_foods.TestAdminFoods" name="test_forbidden_for_normal_user" time="0.082" /><testcase classname="tests.test_admin_content_and_foods.TestAdminFoods" name="test_create_and_delete_food" time="0.815" /><testcase classname="tests.test_admin_content_and_foods.TestAdminAchievements" name="test_auth_required" time="0.094" /><testcase classname="tests.test_admin_content_and_foods.TestAdminAchievements" name="test_forbidden_for_normal_user" time="0.089" /><testcase classname="tests.test_admin_content_and_foods.TestAdminAchievements" name="test_list_seeded" time="0.085" /><testcase classname="tests.test_admin_content_and_foods.TestAdminAchievements" name="test_upsert_and_delete_achievement" time="0.450" /><testcase classname="tests.test_forge_backend.TestAuth" name="test_register_and_me" time="0.100" /><testcase classname="tests.test_forge_backend.TestAuth" name="test_login_ok" time="0.304" /><testcase classname="tests.test_forge_backend.TestAuth" name="test_login_bad_password" time="0.306" /><testcase classname="tests.test_forge_backend.TestAuth" name="test_register_duplicate" time="0.087" /><testcase classname="tests.test_forge_backend.TestAuth" name="test_me_no_token" time="0.090" /><testcase classname="tests.test_forge_backend.TestAuth" name="test_me_bad_token" time="0.085" /><testcase classname="tests.test_forge_backend.TestAdmin" name="test_admin_login_flag" time="0.308" /><testcase classname="tests.test_forge_backend.TestAdmin" name="test_admin_stats" time="0.087" /><testcase classname="tests.test_forge_backend.TestAdmin" name="test_admin_users_list" time="0.092" /><testcase classname="tests.test_forge_backend.TestAdmin" name="test_non_admin_forbidden_stats" time="0.088" /><testcase classname="tests.test_forge_backend.TestAdmin" name="test_non_admin_forbidden_users" time="0.093" /><testcase classname="tests.test_forge_backend.TestAdmin" name="test_admin_update_user_toggle" time="0.564" /><testcase classname="tests.test_forge_backend.TestProfile" name="test_update_profile" time="0.090" /><testcase classname="tests.test_forge_backend.TestProfile" name="test_profile_metrics" time="0.089" /><testcase classname="tests.test_forge_backend.TestWeightMeasure" name="test_add_and_get_weight" time="0.169" /><testcase classname="tests.test_forge_backend.TestWeightMeasure" name="test_add_and_get_measurement" time="0.176" /><testcase classname="tests.test_forge_backend.TestFoodsDiary" name="test_search_local_seed" time="0.825" /><testcase classname="tests.test_forge_backend.TestFoodsDiary" name="test_barcode_off" time="0.646" /><testcase classname="tests.test_forge_backend.TestFoodsDiary" name="test_create_custom_food" time="0.176" /><testcase classname="tests.test_forge_backend.TestFoodsDiary" name="test_diary_add_get_delete" time="0.364" /><testcase classname="tests.test_forge_backend.TestFoodsDiary" name="test_water" time="0.179" /><testcase classname="tests.test_forge_backend.TestFoodsDiary" name="test_recent_and_weekly" time="0.201" /><testcase classname="tests.test_forge_backend.TestExercises" name="test_list_by_muscle_group" time="0.084" /><testcase classname="tests.test_forge_backend.TestExercises" name="test_equipment_only_filter" time="0.096" /><testcase classname="tests.test_forge_backend.TestPlans" name="test_seeded_templates" time="0.088" /><testcase classname="tests.test_forge_backend.TestPlans" name="test_crud_custom_plan" time="0.421" /><testcase classname="tests.test_forge_backend.TestSessions" name="test_log_session_computes_volume_pr_xp" time="0.266" /><testcase classname="tests.test_forge_backend.TestSessions" name="test_gamification_after_session" time="0.104" /><testcase classname="tests.test_forge_backend.TestCycleStatsDashboard" name="test_cycle_default_and_update" time="0.207" /><testcase classname="tests.test_forge_backend.TestCycleStatsDashboard" name="test_stats_overview" time="0.102" /><testcase classname="tests.test_forge_backend.TestCycleStatsDashboard" name="test_dashboard" time="0.094" /><testcase classname="tests.test_forge_backend.TestPhotos" name="test_photo_upload_list_serve_delete" time="1.132" /></testsuite></testsuites>