<?xml version="1.0" encoding="utf-8"?><testsuites name="pytest tests"><testsuite name="pytest" errors="0" failures="0" skipped="0" tests="76" time="21.763" timestamp="2026-09-14T14:58:42.072734+00:00" hostname="agent-env-b9eed24c-837e-4f91-8c03-d92a28a8dd83"><testcase classname="tests.test_admin_content_and_foods.TestFoodSearchAvailability" name="test_empty_query_returns_builtin_db" time="0.577" /><testcase classname="tests.test_admin_content_and_foods.TestFoodSearchAvailability" name="test_search_milk_local_and_maybe_off" time="0.957" /><testcase classname="tests.test_admin_content_and_foods.TestFoodSearchAvailability" name="test_search_chicken_has_calories" time="0.820" /><testcase classname="tests.test_admin_content_and_foods.TestFoodSearchAvailability" name="test_admin_foods_list_has_seeded" time="0.385" /><testcase classname="tests.test_admin_content_and_foods.TestBarcode" name="test_barcode_returns_200_or_404" time="0.632" /><testcase classname="tests.test_admin_content_and_foods.TestAdminExercises" name="test_auth_required" time="0.081" /><testcase classname="tests.test_admin_content_and_foods.TestAdminExercises" name="test_forbidden_for_normal_user" time="0.149" /><testcase classname="tests.test_admin_content_and_foods.TestAdminExercises" name="test_list_has_seeded_exercises" time="0.087" /><testcase classname="tests.test_admin_content_and_foods.TestAdminExercises" name="test_crud_exercise" time="0.449" /><testcase classname="tests.test_admin_content_and_foods.TestAdminFoods" name="test_auth_required" time="0.078" /><testcase classname="tests.test_admin_content_and_foods.TestAdminFoods" name="test_forbidden_for_normal_user" time="0.084" /><testcase classname="tests.test_admin_content_and_foods.TestAdminFoods" name="test_create_and_delete_food" time="0.942" /><testcase classname="tests.test_admin_content_and_foods.TestAdminAchievements" name="test_auth_required" time="0.091" /><testcase classname="tests.test_admin_content_and_foods.TestAdminAchievements" name="test_forbidden_for_normal_user" time="0.086" /><testcase classname="tests.test_admin_content_and_foods.TestAdminAchievements" name="test_list_seeded" time="0.085" /><testcase classname="tests.test_admin_content_and_foods.TestAdminAchievements" name="test_upsert_and_delete_achievement" time="0.430" /><testcase classname="tests.test_forge_backend.TestAuth" name="test_register_and_me" time="0.073" /><testcase classname="tests.test_forge_backend.TestAuth" name="test_login_ok" time="0.328" /><testcase classname="tests.test_forge_backend.TestAuth" name="test_login_bad_password" time="0.307" /><testcase classname="tests.test_forge_backend.TestAuth" name="test_register_duplicate" time="0.095" /><testcase classname="tests.test_forge_backend.TestAuth" name="test_me_no_token" time="0.072" /><testcase classname="tests.test_forge_backend.TestAuth" name="test_me_bad_token" time="0.072" /><testcase classname="tests.test_forge_backend.TestAdmin" name="test_admin_login_flag" time="0.307" /><testcase classname="tests.test_forge_backend.TestAdmin" name="test_admin_stats" time="0.097" /><testcase classname="tests.test_forge_backend.TestAdmin" name="test_admin_users_list" time="0.088" /><testcase classname="tests.test_forge_backend.TestAdmin" name="test_non_admin_forbidden_stats" time="0.115" /><testcase classname="tests.test_forge_backend.TestAdmin" name="test_non_admin_forbidden_users" time="0.084" /><testcase classname="tests.test_forge_backend.TestAdmin" name="test_admin_update_user_toggle" time="0.673" /><testcase classname="tests.test_forge_backend.TestProfile" name="test_update_profile" time="0.140" /><testcase classname="tests.test_forge_backend.TestProfile" name="test_profile_metrics" time="0.084" /><testcase classname="tests.test_forge_backend.TestWeightMeasure" name="test_add_and_get_weight" time="0.178" /><testcase classname="tests.test_forge_backend.TestWeightMeasure" name="test_add_and_get_measurement" time="0.175" /><testcase classname="tests.test_forge_backend.TestFoodsDiary" name="test_search_local_seed" time="0.859" /><testcase classname="tests.test_forge_backend.TestFoodsDiary" name="test_barcode_off" time="0.652" /><testcase classname="tests.test_forge_backend.TestFoodsDiary" name="test_create_custom_food" time="0.259" /><testcase classname="tests.test_forge_backend.TestFoodsDiary" name="test_diary_add_get_delete" time="0.322" /><testcase classname="tests.test_forge_backend.TestFoodsDiary" name="test_water" time="0.188" /><testcase classname="tests.test_forge_backend.TestFoodsDiary" name="test_recent_and_weekly" time="0.158" /><testcase classname="tests.test_forge_backend.TestExercises" name="test_list_by_muscle_group" time="0.096" /><testcase classname="tests.test_forge_backend.TestExercises" name="test_equipment_only_filter" time="0.073" /><testcase classname="tests.test_forge_backend.TestPlans" name="test_seeded_templates" time="0.116" /><testcase classname="tests.test_forge_backend.TestPlans" name="test_crud_custom_plan" time="0.443" /><testcase classname="tests.test_forge_backend.TestSessions" name="test_log_session_computes_volume_pr_xp" time="0.269" /><testcase classname="tests.test_forge_backend.TestSessions" name="test_gamification_after_session" time="0.081" /><testcase classname="tests.test_forge_backend.TestCycleStatsDashboard" name="test_cycle_default_and_update" time="0.183" /><testcase classname="tests.test_forge_backend.TestCycleStatsDashboard" name="test_stats_overview" time="0.086" /><testcase classname="tests.test_forge_backend.TestCycleStatsDashboard" name="test_dashboard" time="0.077" /><testcase classname="tests.test_forge_backend.TestPhotos" name="test_photo_upload_list_serve_delete" time="1.042" /><testcase classname="tests.test_progressive_and_settings.TestProgressiveOverload" name="test_requires_auth" time="0.141" /><testcase classname="tests.test_progressive_and_settings.TestProgressiveOverload" name="test_no_prior_session_returns_nulls" time="0.490" /><testcase classname="tests.test_progressive_and_settings.TestProgressiveOverload" name="test_suggestion_after_logging_bench_reps10" time="0.289" /><testcase classname="tests.test_progressive_and_settings.TestProgressiveOverload" name="test_suggestion_reps_bump_when_low_reps" time="0.361" /><testcase classname="tests.test_progressive_and_settings.TestSettings" name="test_put_settings_persists_new_fields" time="0.138" /><testcase classname="tests.test_progressive_and_settings.TestSettings" name="test_me_reflects_settings" time="0.158" /><testcase classname="tests.test_progressive_and_settings.TestSettings" name="test_settings_merge_preserves_existing" time="0.355" /><testcase classname="tests.test_progressive_and_settings.TestRouteOrdering" name="test_get_exercise_by_id_not_shadowed" time="0.335" /><testcase classname="tests.test_progressive_and_settings.TestRouteOrdering" name="test_exercises_muscle_group_filter" time="0.166" /><testcase classname="tests.test_progressive_and_settings.TestFoodsSearchRegression" name="test_foods_search_empty" time="0.146" /><testcase classname="tests.test_progressive_and_settings.TestFoodsSearchRegression" name="test_foods_search_query" time="0.885" /><testcase classname="tests.test_progressive_and_settings.TestCoreRegression" name="test_gamification" time="0.158" /><testcase classname="tests.test_progressive_and_settings.TestCoreRegression" name="test_dashboard" time="0.133" /><testcase classname="tests.test_progressive_and_settings.TestCoreRegression" name="test_diary_post_get" time="0.272" /><testcase classname="tests.test_progressive_and_settings.TestCoreRegression" name="test_admin_endpoints_require_admin" time="0.479" /><testcase classname="tests.test_progressive_and_settings.TestCoreRegression" name="test_admin_login_works" time="0.374" /><testcase classname="tests.test_super_admin_and_detail.TestSuperAdminAutoGrant" name="test_super_admin_is_admin_flag" time="0.409" /><testcase classname="tests.test_super_admin_and_detail.TestSuperAdminAutoGrant" name="test_super_admin_me_reflects_admin" time="0.082" /><testcase classname="tests.test_super_admin_and_detail.TestSuperAdminAutoGrant" name="test_super_admin_login_grants_admin" time="0.300" /><testcase classname="tests.test_super_admin_and_detail.TestSuperAdminAutoGrant" name="test_normal_fresh_user_is_not_admin" time="0.305" /><testcase classname="tests.test_super_admin_and_detail.TestAdminAccessControl" name="test_admin_users_no_token" time="0.317" /><testcase classname="tests.test_super_admin_and_detail.TestAdminAccessControl" name="test_admin_users_normal_forbidden" time="0.096" /><testcase classname="tests.test_super_admin_and_detail.TestAdminAccessControl" name="test_admin_user_detail_no_token" time="0.132" /><testcase classname="tests.test_super_admin_and_detail.TestAdminAccessControl" name="test_admin_user_detail_normal_forbidden" time="0.101" /><testcase classname="tests.test_super_admin_and_detail.TestAdminUserDetail" name="test_detail_shape_using_seeded_admin_as_acting" time="0.808" /><testcase classname="tests.test_super_admin_and_detail.TestAdminUserDetail" name="test_detail_as_super_admin" time="0.206" /><testcase classname="tests.test_super_admin_and_detail.TestAdminUserDetail" name="test_detail_not_found" time="0.086" /><testcase classname="tests.test_super_admin_and_detail.TestProfileBirthdate" name="test_put_and_me_reflect_birthdate" time="0.263" /></testsuite></testsuites>